Using pre-set license
Built from '2020.3/china_unity/release' branch; Version is '2020.3.0f1c1 (1e553bf703d9) revision 1987899'; Using compiler version '192528614'; Build Type 'Release'
OS: 'Windows 10 Enterprise LTSC 2019; OS build 17763.864; Version 1809; 64bit' Language: 'zh' Physical Memory: 8074 MB
BatchMode: 1, IsHumanControllingUs: 0, StartBugReporterOnCrash: 0, Is64bit: 1, IsPro: 0

 COMMAND LINE ARGUMENTS:
D:\UnityVersion\2020.3.0f1c1\Editor\Unity.exe
-adb2
-batchMode
-noUpm
-name
AssetImportWorker0
-projectPath
D:/毕设/Project/UFantasy/UFantasy
-logFile
Logs/AssetImportWorker0.log
-srvPort
12944
Successfully changed project path to: D:/毕设/Project/UFantasy/UFantasy
D:/毕设/Project/UFantasy/UFantasy
Using Asset Import Pipeline V2.
Refreshing native plugins compatible for Editor in 37.66 ms, found 0 plugins.
Preloading 0 native plugins for Editor in 0.00 ms.
Initialize engine version: 2020.3.0f1c1 (1e553bf703d9)
[Subsystems] Discovering subsystems at path D:/UnityVersion/2020.3.0f1c1/Editor/Data/Resources/UnitySubsystems
[Subsystems] Discovering subsystems at path D:/毕设/Project/UFantasy/UFantasy/Assets
GfxDevice: creating device client; threaded=0
Direct3D:
    Version:  Direct3D 11.0 [level 11.1]
    Renderer: NVIDIA GeForce GTX 1060 (ID=0x1c20)
    Vendor:   
    VRAM:     6052 MB
    Driver:   27.21.14.6172
Initialize mono
Mono path[0] = 'D:/UnityVersion/2020.3.0f1c1/Editor/Data/Managed'
Mono path[1] = 'D:/UnityVersion/2020.3.0f1c1/Editor/Data/MonoBleedingEdge/lib/mono/unityjit'
Mono config path = 'D:/UnityVersion/2020.3.0f1c1/Editor/Data/MonoBleedingEdge/etc'
Using monoOptions --debugger-agent=transport=dt_socket,embedding=1,server=y,suspend=n,address=127.0.0.1:56260
Begin MonoManager ReloadAssembly
Registering precompiled unity dll's ...
Register platform support module: D:/UnityVersion/2020.3.0f1c1/Editor/Data/PlaybackEngines/WindowsStandaloneSupport/UnityEditor.WindowsStandalone.Extensions.dll
Registered in 0.000870 seconds.
Native extension for WindowsStandalone target not found
Refreshing native plugins compatible for Editor in 29.93 ms, found 0 plugins.
Preloading 0 native plugins for Editor in 0.00 ms.
Invoked RoslynAnalysisRunner static constructor.
RoslynAnalysisRunner will not be running.
RoslynAnalysisRunner has terminated.
Mono: successfully reloaded assembly
- Completed reload, in  1.218 seconds
Platform modules already initialized, skipping
Registering precompiled user dll's ...
Registered in 0.001028 seconds.
Begin MonoManager ReloadAssembly
Native extension for WindowsStandalone target not found
Refreshing native plugins compatible for Editor in 0.31 ms, found 0 plugins.
Preloading 0 native plugins for Editor in 0.00 ms.
Invoked RoslynAnalysisRunner static constructor.
RoslynAnalysisRunner will not be running.
RoslynAnalysisRunner has terminated.
Mono: successfully reloaded assembly
- Completed reload, in  1.020 seconds
Platform modules already initialized, skipping
========================================================================
Worker process is ready to serve import requests
Launched and connected shader compiler UnityShaderCompiler.exe after 0.05 seconds
Refreshing native plugins compatible for Editor in 0.23 ms, found 0 plugins.
Preloading 0 native plugins for Editor in 0.00 ms.
Unloading 1113 Unused Serialized files (Serialized files now loaded: 0)
System memory in use before: 61.9 MB.
System memory in use after: 62.0 MB.

Unloading 9 unused Assets to reduce memory usage. Loaded Objects now: 1556.
Total: 2.231900 ms (FindLiveObjects: 0.221000 ms CreateObjectMapping: 0.063600 ms MarkObjects: 1.856700 ms  DeleteObjects: 0.089400 ms)

========================================================================
Received Import Request.
  path: Assets/Scenes
  artifactKey: Guid(dbc8ae1d9926fdf45a8a116e68861ab4) Importer(815301076,1909f56bfc062723c751e8b465ee728b)
Start importing Assets/Scenes using Guid(dbc8ae1d9926fdf45a8a116e68861ab4) Importer(815301076,1909f56bfc062723c751e8b465ee728b)  -> (artifact id: '15676e17f6a0d7c862392aefd0c87b75') in 0.043375 seconds
  Import took 0.045584 seconds .

========================================================================
Received Import Request.
  Time since last request: 64.678360 seconds.
  path: Assets
  artifactKey: Guid(00000000000000001000000000000000) Importer(815301076,1909f56bfc062723c751e8b465ee728b)
Start importing Assets using Guid(00000000000000001000000000000000) Importer(815301076,1909f56bfc062723c751e8b465ee728b)  -> (artifact id: '67878a740a6b29383db4cb28315414dc') in 0.003004 seconds
  Import took 0.006414 seconds .

========================================================================
Received Import Request.
  Time since last request: 6.355227 seconds.
  path: Assets/Pipeline
  artifactKey: Guid(91cb1967933597f4f827176f8b0935bc) Importer(815301076,1909f56bfc062723c751e8b465ee728b)
Start importing Assets/Pipeline using Guid(91cb1967933597f4f827176f8b0935bc) Importer(815301076,1909f56bfc062723c751e8b465ee728b)  -> (artifact id: 'db9b944ea9fb9beeaf4424edc60a9f85') in 0.004446 seconds
  Import took 0.006710 seconds .

========================================================================
Received Prepare
Registering precompiled user dll's ...
Registered in 0.002097 seconds.
Begin MonoManager ReloadAssembly
Native extension for WindowsStandalone target not found
Refreshing native plugins compatible for Editor in 167.85 ms, found 0 plugins.
Preloading 0 native plugins for Editor in 0.00 ms.
Invoked RoslynAnalysisRunner static constructor.
RoslynAnalysisRunner will not be running.
RoslynAnalysisRunner has terminated.
Mono: successfully reloaded assembly
- Completed reload, in  3.774 seconds
Platform modules already initialized, skipping
Shader 'Universal Render Pipeline/Nature/SpeedTree7': dependency 'BillboardShader' shader 'Universal Render Pipeline/Nature/SpeedTree7 Billboard' not found
Shader 'Universal Render Pipeline/Baked Lit': fallback shader 'Universal Render Pipeline/Unlit' not found
Shader 'Universal Render Pipeline/Simple Lit': fallback shader 'Hidden/Universal Render Pipeline/FallbackError' not found
Shader 'Universal Render Pipeline/Terrain/Lit': fallback shader 'Hidden/Universal Render Pipeline/FallbackError' not found
Shader 'Universal Render Pipeline/Terrain/Lit': dependency 'AddPassShader' shader 'Hidden/Universal Render Pipeline/Terrain/Lit (Add Pass)' not found
Shader 'Universal Render Pipeline/Terrain/Lit': dependency 'BaseMapShader' shader 'Hidden/Universal Render Pipeline/Terrain/Lit (Base Pass)' not found
Shader 'Universal Render Pipeline/Terrain/Lit': dependency 'BaseMapGenShader' shader 'Hidden/Universal Render Pipeline/Terrain/Lit (Basemap Gen)' not found
Shader 'Hidden/Universal Render Pipeline/Terrain/Lit (Add Pass)': fallback shader 'Hidden/Universal Render Pipeline/FallbackError' not found
Shader 'Hidden/Universal Render Pipeline/Terrain/Lit (Base Pass)': fallback shader 'Hidden/Universal Render Pipeline/FallbackError' not found
Shader 'Universal Render Pipeline/Particles/Lit': fallback shader 'Universal Render Pipeline/Particles/SimpleLit' not found
Shader 'Universal Render Pipeline/Particles/Lit': fallback shader 'Universal Render Pipeline/Particles/SimpleLit' not found
Refreshing native plugins compatible for Editor in 0.78 ms, found 0 plugins.
Preloading 0 native plugins for Editor in 0.00 ms.
Unloading 2360 Unused Serialized files (Serialized files now loaded: 0)
System memory in use before: 110.4 MB.
System memory in use after: 106.9 MB.

Unloading 61 unused Assets to reduce memory usage. Loaded Objects now: 2755.
Total: 17.123500 ms (FindLiveObjects: 6.593800 ms CreateObjectMapping: 0.521000 ms MarkObjects: 6.010100 ms  DeleteObjects: 3.994800 ms)

========================================================================
Received Import Request.
  Time since last request: 123.603735 seconds.
  path: Assets/Pipeline/UniversalRenderPipelineAsset.asset
  artifactKey: Guid(906e40b7c3afe984598744b3ebc5b0e6) Importer(815301076,1909f56bfc062723c751e8b465ee728b)
Start importing Assets/Pipeline/UniversalRenderPipelineAsset.asset using Guid(906e40b7c3afe984598744b3ebc5b0e6) Importer(815301076,1909f56bfc062723c751e8b465ee728b)  -> (artifact id: 'b3f3aeb4a30a135bac3c98810b1237df') in 0.106816 seconds
  Import took 0.112645 seconds .

========================================================================
Received Import Request.
  Time since last request: 0.000455 seconds.
  path: Assets/Pipeline/UniversalRenderPipelineAsset_Renderer.asset
  artifactKey: Guid(f420cbb362a37224a8894d9cd455b6bc) Importer(815301076,1909f56bfc062723c751e8b465ee728b)
Start importing Assets/Pipeline/UniversalRenderPipelineAsset_Renderer.asset using Guid(f420cbb362a37224a8894d9cd455b6bc) Importer(815301076,1909f56bfc062723c751e8b465ee728b)  -> (artifact id: '316da361e5efb7afbf00cc73a5c50185') in 0.051972 seconds
  Import took 0.057204 seconds .

========================================================================
Received Prepare
Shader 'Universal Render Pipeline/Particles/Lit': fallback shader 'Universal Render Pipeline/Particles/SimpleLit' not found
Shader 'Universal Render Pipeline/Particles/Lit': fallback shader 'Universal Render Pipeline/Particles/SimpleLit' not found
Refreshing native plugins compatible for Editor in 1.03 ms, found 0 plugins.
Preloading 0 native plugins for Editor in 0.00 ms.
Unloading 107 Unused Serialized files (Serialized files now loaded: 0)
System memory in use before: 69.6 MB.
System memory in use after: 67.4 MB.

Unloading 38 unused Assets to reduce memory usage. Loaded Objects now: 2824.
Total: 4.899700 ms (FindLiveObjects: 0.485200 ms CreateObjectMapping: 0.200800 ms MarkObjects: 2.748000 ms  DeleteObjects: 1.464900 ms)

========================================================================
Received Import Request.
  Time since last request: 30.152319 seconds.
  path: Assets/Pipeline/UniversalRenderPipelineAsset_Renderer.asset
  artifactKey: Guid(f420cbb362a37224a8894d9cd455b6bc) Importer(815301076,1909f56bfc062723c751e8b465ee728b)
Start importing Assets/Pipeline/UniversalRenderPipelineAsset_Renderer.asset using Guid(f420cbb362a37224a8894d9cd455b6bc) Importer(815301076,1909f56bfc062723c751e8b465ee728b)  -> (artifact id: 'ff52ee6cbaaf9cc46395bff2326d1a28') in 0.004819 seconds
  Import took 0.009322 seconds .

========================================================================
Received Import Request.
  Time since last request: 0.000302 seconds.
  path: Assets/Pipeline/UniversalRenderPipelineAsset.asset
  artifactKey: Guid(906e40b7c3afe984598744b3ebc5b0e6) Importer(815301076,1909f56bfc062723c751e8b465ee728b)
Start importing Assets/Pipeline/UniversalRenderPipelineAsset.asset using Guid(906e40b7c3afe984598744b3ebc5b0e6) Importer(815301076,1909f56bfc062723c751e8b465ee728b)  -> (artifact id: 'd45b0d32bfcd7d037237135216acb2cd') in 0.005127 seconds
  Import took 0.010786 seconds .

AssetImportWorkerClient::OnTransportError - code=2 error=End of file
